<?xml version="1.0" encoding="UTF-8"?>
<!-- Generated by org.testng.reporters.JUnitReportReporter -->
<testsuite hostname="sheereesh-PC" failures="0" tests="3" name="testRunners.TestRunner1" time="67.331" errors="0" timestamp="2021-12-30T13:21:44 IST" skipped="0">
  <testcase classname="testRunners.TestRunner1" name="runScenario" time="21.701"/>
  <system-out/>
  <testcase classname="testRunners.TestRunner1" name="runScenario" time="23.586"/>
  <system-out/>
  <testcase classname="testRunners.TestRunner1" name="runScenario" time="22.044"/>
  <system-out/>
</testsuite> <!-- testRunners.TestRunner1 -->
